<?xml version="1.0" encoding="UTF-8"?>
<!-- Generated by org.testng.reporters.JUnitReportReporter -->
<testsuite hostname="DESKTOP-5IK2IB9" failures="0" tests="1" name="com.w2a.testcases.RegistredTestcases" time="8.170" errors="0" timestamp="2023-11-02T14:44:05 IST" skipped="0">
  <testcase classname="com.w2a.testcases.RegistredTestcases" name="Registration" time="8.170"/>
</testsuite> <!-- com.w2a.testcases.RegistredTestcases -->
