<?xml version="1.0" encoding="UTF-8"?>
<!-- Generated by org.testng.reporters.JUnitReportReporter -->
<testsuite hostname="DESKTOP-5IK2IB9" failures="0" tests="1" name="com.w2a.testcases.RegistredTestcases" time="4.302" errors="0" timestamp="2023-11-08T13:06:26 IST" skipped="0">
  <testcase classname="com.w2a.testcases.RegistredTestcases" name="launchbrowser" time="4.302"/>
</testsuite> <!-- com.w2a.testcases.RegistredTestcases -->
