<?xml version="1.0" encoding="UTF-8"?>
<!-- Generated by org.testng.reporters.JUnitReportReporter -->
<testsuite hostname="DESKTOP-5IK2IB9" failures="0" tests="1" name="com.w2a.base.TestBase" time="2.683" errors="0" timestamp="2023-10-27T15:54:10 IST" skipped="0">
  <testcase classname="com.w2a.base.TestBase" name="Registration" time="2.683"/>
</testsuite> <!-- com.w2a.base.TestBase -->
